Release 13.4 - ngc2edif O.87xd (nt)
Copyright (c) 1995-2011 Xilinx, Inc.  All rights reserved.
Reading design Main_assy.ngc ...
WARNING:NetListWriters:298 - No output is written to Main_assy.xncf, ignored.
Processing design ...
   Preping design's networks ...
   Preping design's macros ...
WARNING:NetListWriters:306 - Signal bus spd<13 : 0> on block Main_assy is not
   reconstructed, because there are some missing bus signals.
WARNING:NetListWriters:306 - Signal bus Maccum_clk_filter_lut<6 : 0> on block
   Main_assy is not reconstructed, because there are some missing bus signals.
  finished :Prep
Writing EDIF netlist file Main_assy.edif ...
ngc2edif: Total memory usage is 61428 kilobytes

Release 13.4 - ngc2edif O.87xd (nt)
Copyright (c) 1995-2011 Xilinx, Inc.  All rights reserved.
Reading design Main_assy.ngc ...
WARNING:NetListWriters:298 - No output is written to Main_assy.xncf, ignored.
Processing design ...
   Preping design's networks ...
   Preping design's macros ...
WARNING:NetListWriters:306 - Signal bus spd<13 : 0> on block Main_assy is not
   reconstructed, because there are some missing bus signals.
WARNING:NetListWriters:306 - Signal bus Maccum_clk_filter_lut<6 : 0> on block
   Main_assy is not reconstructed, because there are some missing bus signals.
  finished :Prep
Writing EDIF netlist file Main_assy.edif ...
ngc2edif: Total memory usage is 60980 kilobytes

Release 13.4 - ngc2edif O.87xd (nt)
Copyright (c) 1995-2011 Xilinx, Inc.  All rights reserved.
Reading design Main_assy.ngc ...
WARNING:NetListWriters:298 - No output is written to Main_assy.xncf, ignored.
Processing design ...
   Preping design's networks ...
   Preping design's macros ...
WARNING:NetListWriters:306 - Signal bus spd<13 : 0> on block Main_assy is not
   reconstructed, because there are some missing bus signals.
WARNING:NetListWriters:306 - Signal bus Maccum_clk_filter_lut<6 : 0> on block
   Main_assy is not reconstructed, because there are some missing bus signals.
  finished :Prep
Writing EDIF netlist file Main_assy.edif ...
ngc2edif: Total memory usage is 61428 kilobytes

